<?xml version="1.0" encoding="UTF-8"?>
<!-- Generated by org.testng.reporters.JUnitXMLReporter -->
<testsuite ignored="0" hostname="LP-AZ-VHEimQD7V" failures="0" tests="2" name="Surefire test" time="125.017" errors="0" timestamp="2026-06-23T13:03:53 IST">
  <testcase classname="io.cucumber.testng.AbstractTestNGCucumberTests" name="runScenario" time="86.212"/>
  <testcase classname="io.cucumber.testng.AbstractTestNGCucumberTests" name="runScenario" time="34.8"/>
</testsuite> <!-- Surefire test -->
