<?xml version="1.0" encoding="UTF-8"?>
<!-- Generated by org.testng.reporters.JUnitXMLReporter -->
<testsuite ignored="0" hostname="LP-AZ-VHEimQD7V" failures="0" tests="2" name="Default test" time="102.194" errors="0" timestamp="2026-06-23T13:00:39 IST">
  <testcase classname="io.cucumber.testng.AbstractTestNGCucumberTests" name="runScenario" time="57.224"/>
  <testcase classname="io.cucumber.testng.AbstractTestNGCucumberTests" name="runScenario" time="41.606"/>
</testsuite> <!-- Default test -->
