<?xml version="1.0" encoding="UTF-8"?>
<testsuite xmlns:xsi="http://www.w3.org/2001/XMLSchema-instance" xsi:noNamespaceSchemaLocation="https://maven.apache.org/surefire/maven-surefire-plugin/xsd/surefire-test-report.xsd" version="3.0.1" name="cucumberOptions.TestRunner" time="130.324" tests="2" errors="0" skipped="0" failures="0">
  <properties>
[...]
</properties>
  <testcase name="runScenario[&quot;confirmation for home page&quot;, &quot;Login functionality of registered user&quot;](1)" classname="cucumberOptions.TestRunner" time="86.229">
    <system-out><![CDATA[
@login
&amp#27;[1mScenario:&amp#27;[22m confirmation for home page        &amp#27;[90m# src/test/resources/features/A_HomePageSelect.feature:4&amp#27;[39m
ChromeDriver: chrome on windows (6fe891c94cde1bf4da5b5914c188efc4)
  &amp#27;[32m✔&amp#27;[39m &amp#27;[32m&amp#27;[1mGiven &amp#27;[22mUser is on home page&amp#27;[39m              &amp#27;[90m# stepDefinations.A_HomePage.user_is_on_home_page()&amp#27;[39m
  &amp#27;[32m✔&amp#27;[39m &amp#27;[32m&amp#27;[1mWhen &amp#27;[22muser enters source and destination&amp#27;[39m &amp#27;[90m# stepDefinations.A_HomePage.user_enters_source_and_destination()&amp#27;[39m
  &amp#27;[32m✔&amp#27;[39m &amp#27;[32m&amp#27;[1mAnd &amp#27;[22muser select dates&amp#27;[39m                   &amp#27;[90m# stepDefinations.A_HomePage.user_select_dates()&amp#27;[39m
  &amp#27;[32m✔&amp#27;[39m &amp#27;[32m&amp#27;[1mThen &amp#27;[22muser sees all the available buses&amp#27;[39m  &amp#27;[90m# stepDefinations.A_HomePage.user_sees_all_the_available_buses()&amp#27;[39m
]]></system-out>
    <system-err><![CDATA[SLF4J(W): No SLF4J providers were found.
SLF4J(W): Defaulting to no-operation (NOP) logger implementation
SLF4J(W): See https://www.slf4j.org/codes.html#noProviders for further details.
Jun 23, 2026 1:02:10 PM org.openqa.selenium.devtools.CdpVersionFinder findNearestMatch
WARNING: Unable to find an exact match for CDP version 149, returning the closest version; found: 145; Please update to a Selenium version that supports CDP version 149
]]></system-err>
  </testcase>
  <testcase name="runScenario[&quot;confirmatio&quot;, &quot;Filters applied&quot;](2)" classname="cucumberOptions.TestRunner" time="34.795">
    <system-out><![CDATA[
@filterByPrice
&amp#27;[1mScenario:&amp#27;[22m confirmatio                                          &amp#27;[90m# src/test/resources/features/B_ApplyFiltersAndSortByPrice.feature:4&amp#27;[39m
https://www.redbus.in/bus-tickets/delhi-to-lucknow?fromCityName=Delhi&fromCityId=733&srcCountry=IND&fromCityType=CITY&toCityName=Lucknow&toCityId=1439&destCountry=IND&toCityType=CITY&onward=04-Aug-2026&doj=04-Aug-2026&ref=home
  &amp#27;[32m✔&amp#27;[39m &amp#27;[32m&amp#27;[1mGiven &amp#27;[22mUser is viewing all buses&amp#27;[39m                            &amp#27;[90m# stepDefinations.B_FiltersPrice.user_is_viewing_all_buses()&amp#27;[39m
  &amp#27;[32m✔&amp#27;[39m &amp#27;[32m&amp#27;[1mWhen &amp#27;[22muser apply AC filter&amp#27;[39m                                  &amp#27;[90m# stepDefinations.B_FiltersPrice.user_apply_ac_filter()&amp#27;[39m
  &amp#27;[32m✔&amp#27;[39m &amp#27;[32m&amp#27;[1mAnd &amp#27;[22muser also select Free Cancelation&amp#27;[39m                      &amp#27;[90m# stepDefinations.B_FiltersPrice.user_also_select_free_cancelation()&amp#27;[39m
  &amp#27;[32m✔&amp#27;[39m &amp#27;[32m&amp#27;[1mAnd &amp#27;[22muser also selects sleeper filter&amp#27;[39m                       &amp#27;[90m# stepDefinations.B_FiltersPrice.user_also_selects_sleeper_filter()&amp#27;[39m
1
  &amp#27;[32m✔&amp#27;[39m &amp#27;[32m&amp#27;[1mThen &amp#27;[22muser sees all the available buses under these filters&amp#27;[39m &amp#27;[90m# stepDefinations.B_FiltersPrice.user_sees_all_the_available_buses_under_these_filters()&amp#27;[39m
  &amp#27;[32m✔&amp#27;[39m &amp#27;[32m&amp#27;[1mWhen &amp#27;[22muser sort by price&amp#27;[39m                                    &amp#27;[90m# stepDefinations.B_FiltersPrice.user_sort_by_price()&amp#27;[39m
  &amp#27;[32m✔&amp#27;[39m &amp#27;[32m&amp#27;[1mThen &amp#27;[22muser gets buses in sorted price&amp#27;[39m                       &amp#27;[90m# stepDefinations.B_FiltersPrice.user_gets_buses_in_sorted_price()&amp#27;[39m
]]></system-out>
  </testcase>
</testsuite>